[2016-12-21 20:46:20] APP.DEBUG: App\Middleware\BenchmarkMiddleware - Running for GET http://mandala-app.com/ [] {"uid":"e18d163"}
[2016-12-21 20:46:20] APP.DEBUG: App\Middleware\CleanerMiddleware - Running ... [] {"uid":"e18d163"}
[2016-12-21 20:46:20] APP.DEBUG: App\Middleware\CleanerMiddleware - Cleaning all ... [] {"uid":"e18d163"}
[2016-12-21 20:46:20] APP.DEBUG: App\Middleware\AddActionsMiddleware - Running ... [] {"uid":"e18d163"}
[2016-12-21 20:46:20] APP.DEBUG: App\Middleware\AddActionsMiddleware - Processing Actions ... [] {"uid":"e18d163"}
[2016-12-21 20:46:20] APP.DEBUG: App\Middleware\AddActionsMiddleware - Action App\Action\HomeAction found [] {"uid":"e18d163"}
[2016-12-21 20:46:20] APP.DEBUG: App\Middleware\AddActionsMiddleware - Action App\Action\LoginAction found [] {"uid":"e18d163"}
[2016-12-21 20:46:20] APP.DEBUG: App\Middleware\AddActionsMiddleware - Register action App\Action\HomeAction ... [] {"uid":"e18d163"}
[2016-12-21 20:46:20] APP.DEBUG: App\Middleware\AddActionsMiddleware - Register action App\Action\LoginAction ... [] {"uid":"e18d163"}
[2016-12-21 20:46:20] APP.DEBUG: App\Middleware\TranslationMiddleware - Running ... [] {"uid":"e18d163"}
[2016-12-21 20:46:20] APP.DEBUG: App\Middleware\TranslationMiddleware - Identify default user language : pt ... [] {"uid":"e18d163"}
[2016-12-21 20:46:20] APP.DEBUG: App\Middleware\TranslationMiddleware - Saving file references in session ... [] {"uid":"e18d163"}
[2016-12-21 20:46:20] APP.DEBUG: App\Middleware\TranslationMiddleware - Register Language pt ... [] {"uid":"e18d163"}
[2016-12-21 20:46:20] APP.DEBUG: App\Middleware\AddViewDataMiddleware - Running ... [] {"uid":"e18d163"}
[2016-12-21 20:46:20] APP.DEBUG: App\Middleware\AddViewDataMiddleware - Add view data ROOT =  [] {"uid":"e18d163"}
[2016-12-21 20:46:20] APP.INFO: App\Action\HomeAction - Running ... [] {"uid":"e18d163"}
[2016-12-21 20:46:20] APP.DEBUG: App\Middleware\BenchmarkMiddleware - Stopping GET http://mandala-app.com/ in 0.072513103485107 [] {"uid":"e18d163"}
[2016-12-21 20:46:50] APP.DEBUG: App\Middleware\BenchmarkMiddleware - Running for GET http://mandala-app.com/ [] {"uid":"d1cfb4a"}
[2016-12-21 20:46:50] APP.DEBUG: App\Middleware\CleanerMiddleware - Running ... [] {"uid":"d1cfb4a"}
[2016-12-21 20:46:50] APP.DEBUG: App\Middleware\CleanerMiddleware - Cleaning all ... [] {"uid":"d1cfb4a"}
[2016-12-21 20:46:50] APP.DEBUG: App\Middleware\AddActionsMiddleware - Running ... [] {"uid":"d1cfb4a"}
[2016-12-21 20:46:50] APP.DEBUG: App\Middleware\AddActionsMiddleware - Processing Actions ... [] {"uid":"d1cfb4a"}
[2016-12-21 20:46:50] APP.DEBUG: App\Middleware\AddActionsMiddleware - Action App\Action\HomeAction found [] {"uid":"d1cfb4a"}
[2016-12-21 20:46:50] APP.DEBUG: App\Middleware\AddActionsMiddleware - Action App\Action\LoginAction found [] {"uid":"d1cfb4a"}
[2016-12-21 20:46:50] APP.DEBUG: App\Middleware\AddActionsMiddleware - Register action App\Action\HomeAction ... [] {"uid":"d1cfb4a"}
[2016-12-21 20:46:50] APP.DEBUG: App\Middleware\AddActionsMiddleware - Register action App\Action\LoginAction ... [] {"uid":"d1cfb4a"}
[2016-12-21 20:46:50] APP.DEBUG: App\Middleware\TranslationMiddleware - Running ... [] {"uid":"d1cfb4a"}
[2016-12-21 20:46:50] APP.DEBUG: App\Middleware\TranslationMiddleware - Identify default user language : pt ... [] {"uid":"d1cfb4a"}
[2016-12-21 20:46:50] APP.DEBUG: App\Middleware\TranslationMiddleware - Saving file references in session ... [] {"uid":"d1cfb4a"}
[2016-12-21 20:46:50] APP.DEBUG: App\Middleware\TranslationMiddleware - Register Language pt ... [] {"uid":"d1cfb4a"}
[2016-12-21 20:46:50] APP.DEBUG: App\Middleware\AddViewDataMiddleware - Running ... [] {"uid":"d1cfb4a"}
[2016-12-21 20:46:50] APP.DEBUG: App\Middleware\AddViewDataMiddleware - Add view data ROOT =  [] {"uid":"d1cfb4a"}
[2016-12-21 20:46:50] APP.INFO: App\Action\HomeAction - Running ... [] {"uid":"d1cfb4a"}
[2016-12-21 20:46:50] APP.DEBUG: App\Middleware\BenchmarkMiddleware - Stopping GET http://mandala-app.com/ in 0.0068390369415283 [] {"uid":"d1cfb4a"}
[2016-12-21 20:49:23] APP.DEBUG: App\Middleware\BenchmarkMiddleware - Running for GET http://mandala-app.com/favicon.ico [] {"uid":"9da75a4"}
[2016-12-21 20:49:23] APP.DEBUG: App\Middleware\CleanerMiddleware - Running ... [] {"uid":"9da75a4"}
[2016-12-21 20:49:23] APP.DEBUG: App\Middleware\CleanerMiddleware - Cleaning all ... [] {"uid":"9da75a4"}
[2016-12-21 20:49:23] APP.DEBUG: App\Middleware\AddActionsMiddleware - Running ... [] {"uid":"9da75a4"}
[2016-12-21 20:49:23] APP.DEBUG: App\Middleware\AddActionsMiddleware - Processing Actions ... [] {"uid":"9da75a4"}
[2016-12-21 20:49:23] APP.DEBUG: App\Middleware\AddActionsMiddleware - Action App\Action\HomeAction found [] {"uid":"9da75a4"}
[2016-12-21 20:49:23] APP.DEBUG: App\Middleware\AddActionsMiddleware - Action App\Action\LoginAction found [] {"uid":"9da75a4"}
[2016-12-21 20:49:23] APP.DEBUG: App\Middleware\AddActionsMiddleware - Register action App\Action\HomeAction ... [] {"uid":"9da75a4"}
[2016-12-21 20:49:23] APP.DEBUG: App\Middleware\AddActionsMiddleware - Register action App\Action\LoginAction ... [] {"uid":"9da75a4"}
[2016-12-21 20:49:23] APP.DEBUG: App\Middleware\TranslationMiddleware - Running ... [] {"uid":"9da75a4"}
[2016-12-21 20:49:23] APP.DEBUG: App\Middleware\TranslationMiddleware - Identify default user language : pt ... [] {"uid":"9da75a4"}
[2016-12-21 20:49:23] APP.DEBUG: App\Middleware\TranslationMiddleware - Saving file references in session ... [] {"uid":"9da75a4"}
[2016-12-21 20:49:23] APP.DEBUG: App\Middleware\TranslationMiddleware - Register Language pt ... [] {"uid":"9da75a4"}
[2016-12-21 20:49:23] APP.DEBUG: App\Middleware\AddViewDataMiddleware - Running ... [] {"uid":"9da75a4"}
[2016-12-21 20:49:23] APP.DEBUG: App\Middleware\AddViewDataMiddleware - Add view data ROOT =  [] {"uid":"9da75a4"}
[2016-12-21 20:49:23] APP.DEBUG: App\Middleware\BenchmarkMiddleware - Running for GET http://mandala-app.com/favicon.ico [] {"uid":"b6ac27e"}
[2016-12-21 20:49:23] APP.DEBUG: App\Middleware\CleanerMiddleware - Running ... [] {"uid":"b6ac27e"}
[2016-12-21 20:49:23] APP.DEBUG: App\Middleware\CleanerMiddleware - Cleaning all ... [] {"uid":"b6ac27e"}
[2016-12-21 20:49:23] APP.DEBUG: App\Middleware\AddActionsMiddleware - Running ... [] {"uid":"b6ac27e"}
[2016-12-21 20:49:23] APP.DEBUG: App\Middleware\AddActionsMiddleware - Processing Actions ... [] {"uid":"b6ac27e"}
[2016-12-21 20:49:23] APP.DEBUG: App\Middleware\AddActionsMiddleware - Action App\Action\HomeAction found [] {"uid":"b6ac27e"}
[2016-12-21 20:49:23] APP.DEBUG: App\Middleware\AddActionsMiddleware - Action App\Action\LoginAction found [] {"uid":"b6ac27e"}
[2016-12-21 20:49:23] APP.DEBUG: App\Middleware\AddActionsMiddleware - Register action App\Action\HomeAction ... [] {"uid":"b6ac27e"}
[2016-12-21 20:49:23] APP.DEBUG: App\Middleware\AddActionsMiddleware - Register action App\Action\LoginAction ... [] {"uid":"b6ac27e"}
[2016-12-21 20:49:23] APP.DEBUG: App\Middleware\TranslationMiddleware - Running ... [] {"uid":"b6ac27e"}
[2016-12-21 20:49:23] APP.DEBUG: App\Middleware\TranslationMiddleware - Identify default user language : pt ... [] {"uid":"b6ac27e"}
[2016-12-21 20:49:23] APP.DEBUG: App\Middleware\TranslationMiddleware - Saving file references in session ... [] {"uid":"b6ac27e"}
[2016-12-21 20:49:23] APP.DEBUG: App\Middleware\TranslationMiddleware - Register Language pt ... [] {"uid":"b6ac27e"}
[2016-12-21 20:49:23] APP.DEBUG: App\Middleware\AddViewDataMiddleware - Running ... [] {"uid":"b6ac27e"}
[2016-12-21 20:49:23] APP.DEBUG: App\Middleware\AddViewDataMiddleware - Add view data ROOT =  [] {"uid":"b6ac27e"}
[2016-12-21 20:49:24] APP.DEBUG: App\Middleware\BenchmarkMiddleware - Running for GET http://mandala-app.com/favicon.ico [] {"uid":"92b28cf"}
[2016-12-21 20:49:24] APP.DEBUG: App\Middleware\CleanerMiddleware - Running ... [] {"uid":"92b28cf"}
[2016-12-21 20:49:24] APP.DEBUG: App\Middleware\CleanerMiddleware - Cleaning all ... [] {"uid":"92b28cf"}
[2016-12-21 20:49:24] APP.DEBUG: App\Middleware\AddActionsMiddleware - Running ... [] {"uid":"92b28cf"}
[2016-12-21 20:49:24] APP.DEBUG: App\Middleware\AddActionsMiddleware - Processing Actions ... [] {"uid":"92b28cf"}
[2016-12-21 20:49:24] APP.DEBUG: App\Middleware\AddActionsMiddleware - Action App\Action\HomeAction found [] {"uid":"92b28cf"}
[2016-12-21 20:49:24] APP.DEBUG: App\Middleware\AddActionsMiddleware - Action App\Action\LoginAction found [] {"uid":"92b28cf"}
[2016-12-21 20:49:24] APP.DEBUG: App\Middleware\AddActionsMiddleware - Register action App\Action\HomeAction ... [] {"uid":"92b28cf"}
[2016-12-21 20:49:24] APP.DEBUG: App\Middleware\AddActionsMiddleware - Register action App\Action\LoginAction ... [] {"uid":"92b28cf"}
[2016-12-21 20:49:24] APP.DEBUG: App\Middleware\TranslationMiddleware - Running ... [] {"uid":"92b28cf"}
[2016-12-21 20:49:24] APP.DEBUG: App\Middleware\TranslationMiddleware - Identify default user language : pt ... [] {"uid":"92b28cf"}
[2016-12-21 20:49:24] APP.DEBUG: App\Middleware\TranslationMiddleware - Saving file references in session ... [] {"uid":"92b28cf"}
[2016-12-21 20:49:24] APP.DEBUG: App\Middleware\TranslationMiddleware - Register Language pt ... [] {"uid":"92b28cf"}
[2016-12-21 20:49:24] APP.DEBUG: App\Middleware\AddViewDataMiddleware - Running ... [] {"uid":"92b28cf"}
[2016-12-21 20:49:24] APP.DEBUG: App\Middleware\AddViewDataMiddleware - Add view data ROOT =  [] {"uid":"92b28cf"}
[2016-12-21 20:52:21] APP.DEBUG: App\Middleware\BenchmarkMiddleware - Running for GET http://mandala-app.com/favicon.ico [] {"uid":"4196d8e"}
[2016-12-21 20:52:21] APP.DEBUG: App\Middleware\CleanerMiddleware - Running ... [] {"uid":"4196d8e"}
[2016-12-21 20:52:21] APP.DEBUG: App\Middleware\CleanerMiddleware - Cleaning all ... [] {"uid":"4196d8e"}
[2016-12-21 20:52:21] APP.DEBUG: App\Middleware\AddActionsMiddleware - Running ... [] {"uid":"4196d8e"}
[2016-12-21 20:52:21] APP.DEBUG: App\Middleware\AddActionsMiddleware - Processing Actions ... [] {"uid":"4196d8e"}
[2016-12-21 20:52:21] APP.DEBUG: App\Middleware\AddActionsMiddleware - Action App\Action\HomeAction found [] {"uid":"4196d8e"}
[2016-12-21 20:52:21] APP.DEBUG: App\Middleware\AddActionsMiddleware - Action App\Action\LoginAction found [] {"uid":"4196d8e"}
[2016-12-21 20:52:21] APP.DEBUG: App\Middleware\AddActionsMiddleware - Register action App\Action\HomeAction ... [] {"uid":"4196d8e"}
[2016-12-21 20:52:21] APP.DEBUG: App\Middleware\AddActionsMiddleware - Register action App\Action\LoginAction ... [] {"uid":"4196d8e"}
[2016-12-21 20:52:21] APP.DEBUG: App\Middleware\TranslationMiddleware - Running ... [] {"uid":"4196d8e"}
[2016-12-21 20:52:21] APP.DEBUG: App\Middleware\TranslationMiddleware - Identify default user language : pt ... [] {"uid":"4196d8e"}
[2016-12-21 20:52:21] APP.DEBUG: App\Middleware\TranslationMiddleware - Saving file references in session ... [] {"uid":"4196d8e"}
[2016-12-21 20:52:21] APP.DEBUG: App\Middleware\TranslationMiddleware - Register Language pt ... [] {"uid":"4196d8e"}
[2016-12-21 20:52:21] APP.DEBUG: App\Middleware\AddViewDataMiddleware - Running ... [] {"uid":"4196d8e"}
[2016-12-21 20:52:21] APP.DEBUG: App\Middleware\AddViewDataMiddleware - Add view data ROOT =  [] {"uid":"4196d8e"}
[2016-12-21 21:03:32] APP.DEBUG: App\Middleware\BenchmarkMiddleware - Running for GET http://mandala-app.com/favicon.ico [] {"uid":"178274b"}
[2016-12-21 21:03:32] APP.DEBUG: App\Middleware\CleanerMiddleware - Running ... [] {"uid":"178274b"}
[2016-12-21 21:03:32] APP.DEBUG: App\Middleware\CleanerMiddleware - Cleaning all ... [] {"uid":"178274b"}
[2016-12-21 21:03:32] APP.DEBUG: App\Middleware\AddActionsMiddleware - Running ... [] {"uid":"178274b"}
[2016-12-21 21:03:32] APP.DEBUG: App\Middleware\AddActionsMiddleware - Processing Actions ... [] {"uid":"178274b"}
[2016-12-21 21:03:32] APP.DEBUG: App\Middleware\AddActionsMiddleware - Action App\Action\HomeAction found [] {"uid":"178274b"}
[2016-12-21 21:03:32] APP.DEBUG: App\Middleware\AddActionsMiddleware - Action App\Action\LoginAction found [] {"uid":"178274b"}
[2016-12-21 21:03:32] APP.DEBUG: App\Middleware\AddActionsMiddleware - Register action App\Action\HomeAction ... [] {"uid":"178274b"}
[2016-12-21 21:03:32] APP.DEBUG: App\Middleware\AddActionsMiddleware - Register action App\Action\LoginAction ... [] {"uid":"178274b"}
[2016-12-21 21:03:32] APP.DEBUG: App\Middleware\TranslationMiddleware - Running ... [] {"uid":"178274b"}
[2016-12-21 21:03:32] APP.DEBUG: App\Middleware\TranslationMiddleware - Identify default user language : pt ... [] {"uid":"178274b"}
[2016-12-21 21:03:32] APP.DEBUG: App\Middleware\TranslationMiddleware - Saving file references in session ... [] {"uid":"178274b"}
[2016-12-21 21:03:32] APP.DEBUG: App\Middleware\TranslationMiddleware - Register Language pt ... [] {"uid":"178274b"}
[2016-12-21 21:03:32] APP.DEBUG: App\Middleware\AddViewDataMiddleware - Running ... [] {"uid":"178274b"}
[2016-12-21 21:03:32] APP.DEBUG: App\Middleware\AddViewDataMiddleware - Add view data ROOT =  [] {"uid":"178274b"}
[2016-12-21 21:04:17] APP.DEBUG: App\Middleware\BenchmarkMiddleware - Running for GET http://mandala-app.com/login [] {"uid":"e05631a"}
[2016-12-21 21:04:17] APP.DEBUG: App\Middleware\CleanerMiddleware - Running ... [] {"uid":"e05631a"}
[2016-12-21 21:04:17] APP.DEBUG: App\Middleware\CleanerMiddleware - Cleaning all ... [] {"uid":"e05631a"}
[2016-12-21 21:04:17] APP.DEBUG: App\Middleware\AddActionsMiddleware - Running ... [] {"uid":"e05631a"}
[2016-12-21 21:04:17] APP.DEBUG: App\Middleware\AddActionsMiddleware - Processing Actions ... [] {"uid":"e05631a"}
[2016-12-21 21:04:17] APP.DEBUG: App\Middleware\AddActionsMiddleware - Action App\Action\HomeAction found [] {"uid":"e05631a"}
[2016-12-21 21:04:17] APP.DEBUG: App\Middleware\AddActionsMiddleware - Action App\Action\LoginAction found [] {"uid":"e05631a"}
[2016-12-21 21:04:17] APP.DEBUG: App\Middleware\AddActionsMiddleware - Register action App\Action\HomeAction ... [] {"uid":"e05631a"}
[2016-12-21 21:04:17] APP.DEBUG: App\Middleware\AddActionsMiddleware - Register action App\Action\LoginAction ... [] {"uid":"e05631a"}
[2016-12-21 21:04:17] APP.DEBUG: App\Middleware\TranslationMiddleware - Running ... [] {"uid":"e05631a"}
[2016-12-21 21:04:17] APP.DEBUG: App\Middleware\TranslationMiddleware - Identify default user language : pt ... [] {"uid":"e05631a"}
[2016-12-21 21:04:17] APP.DEBUG: App\Middleware\TranslationMiddleware - Saving file references in session ... [] {"uid":"e05631a"}
[2016-12-21 21:04:17] APP.DEBUG: App\Middleware\TranslationMiddleware - Register Language pt ... [] {"uid":"e05631a"}
[2016-12-21 21:04:17] APP.DEBUG: App\Middleware\AddViewDataMiddleware - Running ... [] {"uid":"e05631a"}
[2016-12-21 21:04:17] APP.DEBUG: App\Middleware\AddViewDataMiddleware - Add view data ROOT =  [] {"uid":"e05631a"}
[2016-12-21 21:04:17] APP.INFO: App\Action\LoginAction - Running get method ... [] {"uid":"e05631a"}
[2016-12-21 21:04:17] APP.DEBUG: App\Middleware\BenchmarkMiddleware - Stopping GET http://mandala-app.com/login in 0.0090949535369873 [] {"uid":"e05631a"}
[2016-12-21 21:04:32] APP.DEBUG: App\Middleware\BenchmarkMiddleware - Running for GET http://mandala-app.com/login [] {"uid":"bfdc465"}
[2016-12-21 21:04:32] APP.DEBUG: App\Middleware\CleanerMiddleware - Running ... [] {"uid":"bfdc465"}
[2016-12-21 21:04:32] APP.DEBUG: App\Middleware\CleanerMiddleware - Cleaning all ... [] {"uid":"bfdc465"}
[2016-12-21 21:04:32] APP.DEBUG: App\Middleware\AddActionsMiddleware - Running ... [] {"uid":"bfdc465"}
[2016-12-21 21:04:32] APP.DEBUG: App\Middleware\AddActionsMiddleware - Processing Actions ... [] {"uid":"bfdc465"}
[2016-12-21 21:04:32] APP.DEBUG: App\Middleware\AddActionsMiddleware - Action App\Action\HomeAction found [] {"uid":"bfdc465"}
[2016-12-21 21:04:32] APP.DEBUG: App\Middleware\AddActionsMiddleware - Action App\Action\LoginAction found [] {"uid":"bfdc465"}
[2016-12-21 21:04:32] APP.DEBUG: App\Middleware\AddActionsMiddleware - Register action App\Action\HomeAction ... [] {"uid":"bfdc465"}
[2016-12-21 21:04:32] APP.DEBUG: App\Middleware\AddActionsMiddleware - Register action App\Action\LoginAction ... [] {"uid":"bfdc465"}
[2016-12-21 21:04:32] APP.DEBUG: App\Middleware\TranslationMiddleware - Running ... [] {"uid":"bfdc465"}
[2016-12-21 21:04:32] APP.DEBUG: App\Middleware\TranslationMiddleware - Identify default user language : pt ... [] {"uid":"bfdc465"}
[2016-12-21 21:04:32] APP.DEBUG: App\Middleware\TranslationMiddleware - Saving file references in session ... [] {"uid":"bfdc465"}
[2016-12-21 21:04:32] APP.DEBUG: App\Middleware\TranslationMiddleware - Register Language pt ... [] {"uid":"bfdc465"}
[2016-12-21 21:04:32] APP.DEBUG: App\Middleware\AddViewDataMiddleware - Running ... [] {"uid":"bfdc465"}
[2016-12-21 21:04:32] APP.DEBUG: App\Middleware\AddViewDataMiddleware - Add view data ROOT =  [] {"uid":"bfdc465"}
[2016-12-21 21:04:32] APP.INFO: App\Action\LoginAction - Running get method ... [] {"uid":"bfdc465"}
[2016-12-21 21:04:32] APP.DEBUG: App\Middleware\BenchmarkMiddleware - Stopping GET http://mandala-app.com/login in 0.004298210144043 [] {"uid":"bfdc465"}
